Analysis & Synthesis report for MIPS_CPU
Mon Dec 17 17:37:33 2018
Quartus II Version 8.1 Build 163 10/28/2008 SJ Full Version


---------------------
; Table of Contents ;
---------------------
  1. Legal Notice
  2. Analysis & Synthesis Summary
  3. Analysis & Synthesis Settings
  4. Analysis & Synthesis Source Files Read
  5. Analysis & Synthesis Resource Usage Summary
  6. Analysis & Synthesis Resource Utilization by Entity
  7. User-Specified and Inferred Latches
  8. Registers Removed During Synthesis
  9. Removed Registers Triggering Further Register Optimizations
 10. General Register Statistics
 11. Parameter Settings for User Entity Instance: ctrl:inst
 12. Parameter Settings for User Entity Instance: mux4:RF_A3SEL
 13. Parameter Settings for User Entity Instance: mux4:MUX_RFWD
 14. Parameter Settings for User Entity Instance: mux2:ALU_B
 15. Parameter Settings for User Entity Instance: mux8:MUX_DISPDATA
 16. Analysis & Synthesis Messages



----------------
; Legal Notice ;
----------------
Copyright (C) 1991-2008 Altera Corporation
Your use of Altera Corporation's design tools, logic functions 
and other software and tools, and its AMPP partner logic 
functions, and any output files from any of the foregoing 
(including device programming or simulation files), and any 
associated documentation or information are expressly subject 
to the terms and conditions of the Altera Program License 
Subscription Agreement, Altera MegaCore Function License 
Agreement, or other applicable license agreement, including, 
without limitation, that your use is for the sole purpose of 
programming logic devices manufactured by Altera and sold by 
Altera or its authorized distributors.  Please refer to the 
applicable agreement for further details.



+-------------------------------------------------------------------------------+
; Analysis & Synthesis Summary                                                  ;
+------------------------------------+------------------------------------------+
; Analysis & Synthesis Status        ; Successful - Mon Dec 17 17:37:33 2018    ;
; Quartus II Version                 ; 8.1 Build 163 10/28/2008 SJ Full Version ;
; Revision Name                      ; MIPS_CPU                                 ;
; Top-level Entity Name              ; MIPS_CPU                                 ;
; Family                             ; Cyclone II                               ;
; Total logic elements               ; 143                                      ;
;     Total combinational functions  ; 143                                      ;
;     Dedicated logic registers      ; 36                                       ;
; Total registers                    ; 36                                       ;
; Total pins                         ; 79                                       ;
; Total virtual pins                 ; 0                                        ;
; Total memory bits                  ; 0                                        ;
; Embedded Multiplier 9-bit elements ; 0                                        ;
; Total PLLs                         ; 0                                        ;
+------------------------------------+------------------------------------------+


+----------------------------------------------------------------------------------------------------------+
; Analysis & Synthesis Settings                                                                            ;
+----------------------------------------------------------------+--------------------+--------------------+
; Option                                                         ; Setting            ; Default Value      ;
+----------------------------------------------------------------+--------------------+--------------------+
; Device                                                         ; EP2C70F896C6       ;                    ;
; Top-level entity name                                          ; MIPS_CPU           ; MIPS_CPU           ;
; Family name                                                    ; Cyclone II         ; Stratix II         ;
; Use Generated Physical Constraints File                        ; Off                ;                    ;
; Use smart compilation                                          ; Off                ; Off                ;
; Restructure Multiplexers                                       ; Auto               ; Auto               ;
; Create Debugging Nodes for IP Cores                            ; Off                ; Off                ;
; Preserve fewer node names                                      ; On                 ; On                 ;
; Disable OpenCore Plus hardware evaluation                      ; Off                ; Off                ;
; Verilog Version                                                ; Verilog_2001       ; Verilog_2001       ;
; VHDL Version                                                   ; VHDL93             ; VHDL93             ;
; State Machine Processing                                       ; Auto               ; Auto               ;
; Safe State Machine                                             ; Off                ; Off                ;
; Extract Verilog State Machines                                 ; On                 ; On                 ;
; Extract VHDL State Machines                                    ; On                 ; On                 ;
; Ignore Verilog initial constructs                              ; Off                ; Off                ;
; Iteration limit for constant Verilog loops                     ; 5000               ; 5000               ;
; Iteration limit for non-constant Verilog loops                 ; 250                ; 250                ;
; Add Pass-Through Logic to Inferred RAMs                        ; On                 ; On                 ;
; Parallel Synthesis                                             ; Off                ; Off                ;
; DSP Block Balancing                                            ; Auto               ; Auto               ;
; NOT Gate Push-Back                                             ; On                 ; On                 ;
; Power-Up Don't Care                                            ; On                 ; On                 ;
; Remove Redundant Logic Cells                                   ; Off                ; Off                ;
; Remove Duplicate Registers                                     ; On                 ; On                 ;
; Ignore CARRY Buffers                                           ; Off                ; Off                ;
; Ignore CASCADE Buffers                                         ; Off                ; Off                ;
; Ignore GLOBAL Buffers                                          ; Off                ; Off                ;
; Ignore ROW GLOBAL Buffers                                      ; Off                ; Off                ;
; Ignore LCELL Buffers                                           ; Off                ; Off                ;
; Ignore SOFT Buffers                                            ; On                 ; On                 ;
; Limit AHDL Integers to 32 Bits                                 ; Off                ; Off                ;
; Optimization Technique                                         ; Balanced           ; Balanced           ;
; Carry Chain Length                                             ; 70                 ; 70                 ;
; Auto Carry Chains                                              ; On                 ; On                 ;
; Auto Open-Drain Pins                                           ; On                 ; On                 ;
; Perform WYSIWYG Primitive Resynthesis                          ; Off                ; Off                ;
; Perform gate-level register retiming                           ; Off                ; Off                ;
; Allow register retiming to trade off Tsu/Tco with Fmax         ; On                 ; On                 ;
; Auto ROM Replacement                                           ; On                 ; On                 ;
; Auto RAM Replacement                                           ; On                 ; On                 ;
; Auto Shift Register Replacement                                ; Auto               ; Auto               ;
; Auto Clock Enable Replacement                                  ; On                 ; On                 ;
; Strict RAM Replacement                                         ; Off                ; Off                ;
; Allow Synchronous Control Signals                              ; On                 ; On                 ;
; Force Use of Synchronous Clear Signals                         ; Off                ; Off                ;
; Auto RAM to Logic Cell Conversion                              ; Off                ; Off                ;
; Auto Resource Sharing                                          ; Off                ; Off                ;
; Allow Any RAM Size For Recognition                             ; Off                ; Off                ;
; Allow Any ROM Size For Recognition                             ; Off                ; Off                ;
; Allow Any Shift Register Size For Recognition                  ; Off                ; Off                ;
; Use LogicLock Constraints during Resource Balancing            ; On                 ; On                 ;
; Ignore translate_off and synthesis_off directives              ; Off                ; Off                ;
; Show Parameter Settings Tables in Synthesis Report             ; On                 ; On                 ;
; Ignore Maximum Fan-Out Assignments                             ; Off                ; Off                ;
; Synchronization Register Chain Length                          ; 2                  ; 2                  ;
; PowerPlay Power Optimization                                   ; Normal compilation ; Normal compilation ;
; HDL message level                                              ; Level2             ; Level2             ;
; Suppress Register Optimization Related Messages                ; Off                ; Off                ;
; Number of Removed Registers Reported in Synthesis Report       ; 100                ; 100                ;
; Number of Inverted Registers Reported in Synthesis Report      ; 100                ; 100                ;
; Clock MUX Protection                                           ; On                 ; On                 ;
; Auto Gated Clock Conversion                                    ; Off                ; Off                ;
; Block Design Naming                                            ; Auto               ; Auto               ;
; SDC constraint protection                                      ; Off                ; Off                ;
; Synthesis Effort                                               ; Auto               ; Auto               ;
; Allows Asynchronous Clear Usage For Shift Register Replacement ; On                 ; On                 ;
; Analysis & Synthesis Message Level                             ; Medium             ; Medium             ;
+----------------------------------------------------------------+--------------------+--------------------+


+---------------------------------------------------------------------------------------------------------------------------------------+
; Analysis & Synthesis Source Files Read                                                                                                ;
+----------------------------------+-----------------+------------------------------------+---------------------------------------------+
; File Name with User-Entered Path ; Used in Netlist ; File Type                          ; File Name with Absolute Path                ;
+----------------------------------+-----------------+------------------------------------+---------------------------------------------+
; src/alu.v                        ; yes             ; User Verilog HDL File              ; F:/Qu_II_8.1/MIPS_CPU/src/alu.v             ;
; src/ctrl.v                       ; yes             ; User Verilog HDL File              ; F:/Qu_II_8.1/MIPS_CPU/src/ctrl.v            ;
; src/ctrl_encode_def.v            ; yes             ; User Verilog HDL File              ; F:/Qu_II_8.1/MIPS_CPU/src/ctrl_encode_def.v ;
; src/dm.v                         ; yes             ; User Verilog HDL File              ; F:/Qu_II_8.1/MIPS_CPU/src/dm.v              ;
; src/EXT.v                        ; yes             ; User Verilog HDL File              ; F:/Qu_II_8.1/MIPS_CPU/src/EXT.v             ;
; src/im.v                         ; yes             ; User Verilog HDL File              ; F:/Qu_II_8.1/MIPS_CPU/src/im.v              ;
; src/IR.v                         ; yes             ; User Verilog HDL File              ; F:/Qu_II_8.1/MIPS_CPU/src/IR.v              ;
; src/MIPS_CPU.BDF                 ; yes             ; User Block Diagram/Schematic File  ; F:/Qu_II_8.1/MIPS_CPU/src/MIPS_CPU.BDF      ;
; src/mux.v                        ; yes             ; User Verilog HDL File              ; F:/Qu_II_8.1/MIPS_CPU/src/mux.v             ;
; src/NPC.v                        ; yes             ; User Verilog HDL File              ; F:/Qu_II_8.1/MIPS_CPU/src/NPC.v             ;
; src/PC.v                         ; yes             ; User Verilog HDL File              ; F:/Qu_II_8.1/MIPS_CPU/src/PC.v              ;
; src/RF.v                         ; yes             ; User Verilog HDL File              ; F:/Qu_II_8.1/MIPS_CPU/src/RF.v              ;
; src/SEG7_LUT.v                   ; yes             ; User Verilog HDL File              ; F:/Qu_II_8.1/MIPS_CPU/src/SEG7_LUT.v        ;
; src/SEG7_LUT_8.v                 ; yes             ; User Verilog HDL File              ; F:/Qu_II_8.1/MIPS_CPU/src/SEG7_LUT_8.v      ;
+----------------------------------+-----------------+------------------------------------+---------------------------------------------+


+----------------------------------------------------------+
; Analysis & Synthesis Resource Usage Summary              ;
+---------------------------------------------+------------+
; Resource                                    ; Usage      ;
+---------------------------------------------+------------+
; Estimated Total logic elements              ; 143        ;
;                                             ;            ;
; Total combinational functions               ; 143        ;
; Logic element usage by number of LUT inputs ;            ;
;     -- 4 input functions                    ; 106        ;
;     -- 3 input functions                    ; 4          ;
;     -- <=2 input functions                  ; 33         ;
;                                             ;            ;
; Logic elements by mode                      ;            ;
;     -- normal mode                          ; 115        ;
;     -- arithmetic mode                      ; 28         ;
;                                             ;            ;
; Total registers                             ; 36         ;
;     -- Dedicated logic registers            ; 36         ;
;     -- I/O registers                        ; 0          ;
;                                             ;            ;
; I/O pins                                    ; 79         ;
; Maximum fan-out node                        ; LUT_SEL[0] ;
; Maximum fan-out                             ; 52         ;
; Total fan-out                               ; 700        ;
; Average fan-out                             ; 2.71       ;
+---------------------------------------------+------------+


+-------------------------------------------------------------------------------------------------------------------------------------------------------------------------------------------------------+
; Analysis & Synthesis Resource Utilization by Entity                                                                                                                                                   ;
+-----------------------------+-------------------+--------------+-------------+--------------+---------+-----------+------+--------------+----------------------------------------------+--------------+
; Compilation Hierarchy Node  ; LC Combinationals ; LC Registers ; Memory Bits ; DSP Elements ; DSP 9x9 ; DSP 18x18 ; Pins ; Virtual Pins ; Full Hierarchy Name                          ; Library Name ;
+-----------------------------+-------------------+--------------+-------------+--------------+---------+-----------+------+--------------+----------------------------------------------+--------------+
; |MIPS_CPU                   ; 143 (0)           ; 36 (0)       ; 0           ; 0            ; 0       ; 0         ; 79   ; 0            ; |MIPS_CPU                                    ; work         ;
;    |PC:PC|                  ; 30 (30)           ; 30 (30)      ; 0           ; 0            ; 0       ; 0         ; 0    ; 0            ; |MIPS_CPU|PC:PC                              ; work         ;
;    |SEG7_LUT_8:DECODE_SEG7| ; 101 (0)           ; 0 (0)        ; 0           ; 0            ; 0       ; 0         ; 0    ; 0            ; |MIPS_CPU|SEG7_LUT_8:DECODE_SEG7             ; work         ;
;       |SEG7_LUT:u0|         ; 14 (14)           ; 0 (0)        ; 0           ; 0            ; 0       ; 0         ; 0    ; 0            ; |MIPS_CPU|SEG7_LUT_8:DECODE_SEG7|SEG7_LUT:u0 ; work         ;
;       |SEG7_LUT:u1|         ; 14 (14)           ; 0 (0)        ; 0           ; 0            ; 0       ; 0         ; 0    ; 0            ; |MIPS_CPU|SEG7_LUT_8:DECODE_SEG7|SEG7_LUT:u1 ; work         ;
;       |SEG7_LUT:u2|         ; 14 (14)           ; 0 (0)        ; 0           ; 0            ; 0       ; 0         ; 0    ; 0            ; |MIPS_CPU|SEG7_LUT_8:DECODE_SEG7|SEG7_LUT:u2 ; work         ;
;       |SEG7_LUT:u3|         ; 14 (14)           ; 0 (0)        ; 0           ; 0            ; 0       ; 0         ; 0    ; 0            ; |MIPS_CPU|SEG7_LUT_8:DECODE_SEG7|SEG7_LUT:u3 ; work         ;
;       |SEG7_LUT:u4|         ; 14 (14)           ; 0 (0)        ; 0           ; 0            ; 0       ; 0         ; 0    ; 0            ; |MIPS_CPU|SEG7_LUT_8:DECODE_SEG7|SEG7_LUT:u4 ; work         ;
;       |SEG7_LUT:u5|         ; 14 (14)           ; 0 (0)        ; 0           ; 0            ; 0       ; 0         ; 0    ; 0            ; |MIPS_CPU|SEG7_LUT_8:DECODE_SEG7|SEG7_LUT:u5 ; work         ;
;       |SEG7_LUT:u6|         ; 14 (14)           ; 0 (0)        ; 0           ; 0            ; 0       ; 0         ; 0    ; 0            ; |MIPS_CPU|SEG7_LUT_8:DECODE_SEG7|SEG7_LUT:u6 ; work         ;
;       |SEG7_LUT:u7|         ; 3 (3)             ; 0 (0)        ; 0           ; 0            ; 0       ; 0         ; 0    ; 0            ; |MIPS_CPU|SEG7_LUT_8:DECODE_SEG7|SEG7_LUT:u7 ; work         ;
;    |ctrl:inst|              ; 9 (9)             ; 6 (6)        ; 0           ; 0            ; 0       ; 0         ; 0    ; 0            ; |MIPS_CPU|ctrl:inst                          ; work         ;
;    |mux8:MUX_DISPDATA|      ; 3 (3)             ; 0 (0)        ; 0           ; 0            ; 0       ; 0         ; 0    ; 0            ; |MIPS_CPU|mux8:MUX_DISPDATA                  ; work         ;
+-----------------------------+-------------------+--------------+-------------+--------------+---------+-----------+------+--------------+----------------------------------------------+--------------+
Note: For table entries with two numbers listed, the numbers in parentheses indicate the number of resources of the given type used by the specific entity alone. The numbers listed outside of parentheses indicate the total resources of the given type used by the specific entity and all of its sub-entities in the hierarchy.


+---------------------------------------------------------------------------------------------------+
; User-Specified and Inferred Latches                                                               ;
+----------------------------------------------------+---------------------+------------------------+
; Latch Name                                         ; Latch Enable Signal ; Free of Timing Hazards ;
+----------------------------------------------------+---------------------+------------------------+
; ctrl:inst|nextstate[2]                             ; ctrl:inst|Mux3      ; yes                    ;
; ctrl:inst|nextstate[1]                             ; ctrl:inst|Mux3      ; yes                    ;
; ctrl:inst|nextstate[0]                             ; ctrl:inst|Mux3      ; yes                    ;
; Number of user-specified and inferred latches = 3  ;                     ;                        ;
+----------------------------------------------------+---------------------+------------------------+
Note: All latches listed above may not be present at the end of synthesis due to various synthesis optimizations.


+---------------------------------------------------------------------------------+
; Registers Removed During Synthesis                                              ;
+----------------------------------------+----------------------------------------+
; Register name                          ; Reason for Removal                     ;
+----------------------------------------+----------------------------------------+
; IR:inst1|instr[0..31]                  ; Stuck at GND due to stuck port data_in ;
; ctrl:inst|NPCOp[0..1]                  ; Stuck at GND due to stuck port data_in ;
; ctrl:inst|DMWr                         ; Stuck at GND due to stuck port data_in ;
; ctrl:inst|EXTOp                        ; Stuck at GND due to stuck port data_in ;
; ctrl:inst|BSel                         ; Merged with ctrl:inst|ALUOp[0]         ;
; ctrl:inst|ALUOp[1]                     ; Merged with ctrl:inst|ALUOp[0]         ;
; ctrl:inst|GPRSel[0]                    ; Merged with ctrl:inst|RFWr             ;
; ctrl:inst|WDSel[0..1]                  ; Merged with ctrl:inst|GPRSel[1]        ;
; ctrl:inst|ALUOp[0]                     ; Stuck at GND due to stuck port data_in ;
; ctrl:inst|GPRSel[1]                    ; Stuck at GND due to stuck port data_in ;
; Total Number of Removed Registers = 43 ;                                        ;
+----------------------------------------+----------------------------------------+


+------------------------------------------------------------------------------------------+
; Removed Registers Triggering Further Register Optimizations                              ;
+--------------------+---------------------------+-----------------------------------------+
; Register name      ; Reason for Removal        ; Registers Removed due to This Register  ;
+--------------------+---------------------------+-----------------------------------------+
; IR:inst1|instr[31] ; Stuck at GND              ; ctrl:inst|ALUOp[0], ctrl:inst|GPRSel[1] ;
;                    ; due to stuck port data_in ;                                         ;
+--------------------+---------------------------+-----------------------------------------+


+------------------------------------------------------+
; General Register Statistics                          ;
+----------------------------------------------+-------+
; Statistic                                    ; Value ;
+----------------------------------------------+-------+
; Total registers                              ; 36    ;
; Number of registers using Synchronous Clear  ; 0     ;
; Number of registers using Synchronous Load   ; 0     ;
; Number of registers using Asynchronous Clear ; 36    ;
; Number of registers using Asynchronous Load  ; 0     ;
; Number of registers using Clock Enable       ; 29    ;
; Number of registers using Preset             ; 0     ;
+----------------------------------------------+-------+


+--------------------------------------------------------+
; Parameter Settings for User Entity Instance: ctrl:inst ;
+----------------+-------+-------------------------------+
; Parameter Name ; Value ; Type                          ;
+----------------+-------+-------------------------------+
; Fetch          ; 0000  ; Unsigned Binary               ;
; DCD            ; 0001  ; Unsigned Binary               ;
; Exe            ; 0010  ; Unsigned Binary               ;
; Mem            ; 0011  ; Unsigned Binary               ;
; WB             ; 0100  ; Unsigned Binary               ;
+----------------+-------+-------------------------------+
Note: In order to hide this table in the UI and the text report file, please set the "Show Parameter Settings Tables in Synthesis Report" option in "Analysis and Synthesis Settings -> More Settings" to "Off".


+------------------------------------------------------------+
; Parameter Settings for User Entity Instance: mux4:RF_A3SEL ;
+----------------+-------+-----------------------------------+
; Parameter Name ; Value ; Type                              ;
+----------------+-------+-----------------------------------+
; WIDTH          ; 5     ; Signed Integer                    ;
+----------------+-------+-----------------------------------+
Note: In order to hide this table in the UI and the text report file, please set the "Show Parameter Settings Tables in Synthesis Report" option in "Analysis and Synthesis Settings -> More Settings" to "Off".


+------------------------------------------------------------+
; Parameter Settings for User Entity Instance: mux4:MUX_RFWD ;
+----------------+-------+-----------------------------------+
; Parameter Name ; Value ; Type                              ;
+----------------+-------+-----------------------------------+
; WIDTH          ; 32    ; Signed Integer                    ;
+----------------+-------+-----------------------------------+
Note: In order to hide this table in the UI and the text report file, please set the "Show Parameter Settings Tables in Synthesis Report" option in "Analysis and Synthesis Settings -> More Settings" to "Off".


+---------------------------------------------------------+
; Parameter Settings for User Entity Instance: mux2:ALU_B ;
+----------------+-------+--------------------------------+
; Parameter Name ; Value ; Type                           ;
+----------------+-------+--------------------------------+
; WIDTH          ; 32    ; Signed Integer                 ;
+----------------+-------+--------------------------------+
Note: In order to hide this table in the UI and the text report file, please set the "Show Parameter Settings Tables in Synthesis Report" option in "Analysis and Synthesis Settings -> More Settings" to "Off".


+----------------------------------------------------------------+
; Parameter Settings for User Entity Instance: mux8:MUX_DISPDATA ;
+----------------+-------+---------------------------------------+
; Parameter Name ; Value ; Type                                  ;
+----------------+-------+---------------------------------------+
; WIDTH          ; 32    ; Signed Integer                        ;
+----------------+-------+---------------------------------------+
Note: In order to hide this table in the UI and the text report file, please set the "Show Parameter Settings Tables in Synthesis Report" option in "Analysis and Synthesis Settings -> More Settings" to "Off".


+-------------------------------+
; Analysis & Synthesis Messages ;
+-------------------------------+
Info: *******************************************************************
Info: Running Quartus II Analysis & Synthesis
    Info: Version 8.1 Build 163 10/28/2008 SJ Full Version
    Info: Processing started: Mon Dec 17 17:37:29 2018
Info: Command: quartus_map --read_settings_files=on --write_settings_files=off MIPS_CPU -c MIPS_CPU
Info: Found 1 design units, including 1 entities, in source file src/alu.v
    Info: Found entity 1: alu
Info: Found 1 design units, including 1 entities, in source file src/ctrl.v
    Info: Found entity 1: ctrl
Info: Found 0 design units, including 0 entities, in source file src/ctrl_encode_def.v
Info: Found 1 design units, including 1 entities, in source file src/dm.v
    Info: Found entity 1: dm_4k
Info: Found 2 design units, including 2 entities, in source file src/EXT.v
    Info: Found entity 1: EXT
    Info: Found entity 2: EXTPC
Info: Found 1 design units, including 1 entities, in source file src/im.v
    Info: Found entity 1: im_4K
Info: Found 1 design units, including 1 entities, in source file src/IR.v
    Info: Found entity 1: IR
Info: Found 1 design units, including 1 entities, in source file src/MIPS_CPU.BDF
    Info: Found entity 1: MIPS_CPU
Info: Found 4 design units, including 4 entities, in source file src/mux.v
    Info: Found entity 1: mux2
    Info: Found entity 2: mux4
    Info: Found entity 3: mux8
    Info: Found entity 4: mux16
Info: Found 1 design units, including 1 entities, in source file src/NPC.v
    Info: Found entity 1: NPC
Info: Found 1 design units, including 1 entities, in source file src/PC.v
    Info: Found entity 1: PC
Info: Found 1 design units, including 1 entities, in source file src/RF.v
    Info: Found entity 1: RF
Info: Found 1 design units, including 1 entities, in source file src/SEG7_LUT.v
    Info: Found entity 1: SEG7_LUT
Info: Found 1 design units, including 1 entities, in source file src/SEG7_LUT_8.v
    Info: Found entity 1: SEG7_LUT_8
Info: Elaborating entity "MIPS_CPU" for the top level hierarchy
Info: Elaborating entity "ctrl" for hierarchy "ctrl:inst"
Warning (10036): Verilog HDL or VHDL warning at ctrl.v(31): object "IType" assigned a value but never read
Warning (10036): Verilog HDL or VHDL warning at ctrl.v(32): object "BrType" assigned a value but never read
Warning (10036): Verilog HDL or VHDL warning at ctrl.v(33): object "JType" assigned a value but never read
Warning (10036): Verilog HDL or VHDL warning at ctrl.v(36): object "MemType" assigned a value but never read
Warning (10230): Verilog HDL assignment warning at ctrl.v(53): truncated value with size 4 to match size of target (3)
Warning (10230): Verilog HDL assignment warning at ctrl.v(55): truncated value with size 4 to match size of target (3)
Warning (10240): Verilog HDL Always Construct warning at ctrl.v(58): inferring latch(es) for variable "nextstate", which holds its previous value in one or more paths through the always construct
Info (10041): Inferred latch for "nextstate[0]" at ctrl.v(62)
Info (10041): Inferred latch for "nextstate[1]" at ctrl.v(62)
Info (10041): Inferred latch for "nextstate[2]" at ctrl.v(62)
Info: Elaborating entity "alu" for hierarchy "alu:ALU"
Warning (10230): Verilog HDL assignment warning at alu.v(20): truncated value with size 32 to match size of target (1)
Info: Elaborating entity "RF" for hierarchy "RF:REG_FILE"
Info: Elaborating entity "IR" for hierarchy "IR:inst1"
Info: Elaborating entity "im_4K" for hierarchy "im_4K:CODE_MEM"
Warning (10858): Verilog HDL warning at im.v(5): object imem used but never assigned
Info: Elaborating entity "PC" for hierarchy "PC:PC"
Warning (10036): Verilog HDL or VHDL warning at PC.v(10): object "tmp" assigned a value but never read
Info: Elaborating entity "NPC" for hierarchy "NPC:PC_UPDATE"
Warning (10230): Verilog HDL assignment warning at NPC.v(13): truncated value with size 32 to match size of target (30)
Warning (10240): Verilog HDL Always Construct warning at NPC.v(18): inferring latch(es) for variable "NPC", which holds its previous value in one or more paths through the always construct
Info (10041): Inferred latch for "NPC[2]" at NPC.v(18)
Info (10041): Inferred latch for "NPC[3]" at NPC.v(18)
Info (10041): Inferred latch for "NPC[4]" at NPC.v(18)
Info (10041): Inferred latch for "NPC[5]" at NPC.v(18)
Info (10041): Inferred latch for "NPC[6]" at NPC.v(18)
Info (10041): Inferred latch for "NPC[7]" at NPC.v(18)
Info (10041): Inferred latch for "NPC[8]" at NPC.v(18)
Info (10041): Inferred latch for "NPC[9]" at NPC.v(18)
Info (10041): Inferred latch for "NPC[10]" at NPC.v(18)
Info (10041): Inferred latch for "NPC[11]" at NPC.v(18)
Info (10041): Inferred latch for "NPC[12]" at NPC.v(18)
Info (10041): Inferred latch for "NPC[13]" at NPC.v(18)
Info (10041): Inferred latch for "NPC[14]" at NPC.v(18)
Info (10041): Inferred latch for "NPC[15]" at NPC.v(18)
Info (10041): Inferred latch for "NPC[16]" at NPC.v(18)
Info (10041): Inferred latch for "NPC[17]" at NPC.v(18)
Info (10041): Inferred latch for "NPC[18]" at NPC.v(18)
Info (10041): Inferred latch for "NPC[19]" at NPC.v(18)
Info (10041): Inferred latch for "NPC[20]" at NPC.v(18)
Info (10041): Inferred latch for "NPC[21]" at NPC.v(18)
Info (10041): Inferred latch for "NPC[22]" at NPC.v(18)
Info (10041): Inferred latch for "NPC[23]" at NPC.v(18)
Info (10041): Inferred latch for "NPC[24]" at NPC.v(18)
Info (10041): Inferred latch for "NPC[25]" at NPC.v(18)
Info (10041): Inferred latch for "NPC[26]" at NPC.v(18)
Info (10041): Inferred latch for "NPC[27]" at NPC.v(18)
Info (10041): Inferred latch for "NPC[28]" at NPC.v(18)
Info (10041): Inferred latch for "NPC[29]" at NPC.v(18)
Info (10041): Inferred latch for "NPC[30]" at NPC.v(18)
Info (10041): Inferred latch for "NPC[31]" at NPC.v(18)
Info: Elaborating entity "mux4" for hierarchy "mux4:RF_A3SEL"
Info: Elaborating entity "mux4" for hierarchy "mux4:MUX_RFWD"
Info: Elaborating entity "dm_4k" for hierarchy "dm_4k:MEM_DATA"
Info: Elaborating entity "EXTPC" for hierarchy "EXTPC:U_EXPPC"
Info: Elaborating entity "mux2" for hierarchy "mux2:ALU_B"
Info: Elaborating entity "EXT" for hierarchy "EXT:U_EXT"
Info: Elaborating entity "SEG7_LUT_8" for hierarchy "SEG7_LUT_8:DECODE_SEG7"
Info: Elaborating entity "SEG7_LUT" for hierarchy "SEG7_LUT_8:DECODE_SEG7|SEG7_LUT:u0"
Info: Elaborating entity "mux8" for hierarchy "mux8:MUX_DISPDATA"
Warning: LATCH primitive "NPC:PC_UPDATE|NPC[2]" is permanently enabled
Warning: LATCH primitive "NPC:PC_UPDATE|NPC[3]" is permanently enabled
Warning: LATCH primitive "NPC:PC_UPDATE|NPC[4]" is permanently enabled
Warning: LATCH primitive "NPC:PC_UPDATE|NPC[5]" is permanently enabled
Warning: LATCH primitive "NPC:PC_UPDATE|NPC[6]" is permanently enabled
Warning: LATCH primitive "NPC:PC_UPDATE|NPC[7]" is permanently enabled
Warning: LATCH primitive "NPC:PC_UPDATE|NPC[8]" is permanently enabled
Warning: LATCH primitive "NPC:PC_UPDATE|NPC[9]" is permanently enabled
Warning: LATCH primitive "NPC:PC_UPDATE|NPC[10]" is permanently enabled
Warning: LATCH primitive "NPC:PC_UPDATE|NPC[11]" is permanently enabled
Warning: LATCH primitive "NPC:PC_UPDATE|NPC[12]" is permanently enabled
Warning: LATCH primitive "NPC:PC_UPDATE|NPC[13]" is permanently enabled
Warning: LATCH primitive "NPC:PC_UPDATE|NPC[14]" is permanently enabled
Warning: LATCH primitive "NPC:PC_UPDATE|NPC[15]" is permanently enabled
Warning: LATCH primitive "NPC:PC_UPDATE|NPC[16]" is permanently enabled
Warning: LATCH primitive "NPC:PC_UPDATE|NPC[17]" is permanently enabled
Warning: LATCH primitive "NPC:PC_UPDATE|NPC[18]" is permanently enabled
Warning: LATCH primitive "NPC:PC_UPDATE|NPC[19]" is permanently enabled
Warning: LATCH primitive "NPC:PC_UPDATE|NPC[20]" is permanently enabled
Warning: LATCH primitive "NPC:PC_UPDATE|NPC[21]" is permanently enabled
Warning: LATCH primitive "NPC:PC_UPDATE|NPC[22]" is permanently enabled
Warning: LATCH primitive "NPC:PC_UPDATE|NPC[23]" is permanently enabled
Warning: LATCH primitive "NPC:PC_UPDATE|NPC[24]" is permanently enabled
Warning: LATCH primitive "NPC:PC_UPDATE|NPC[25]" is permanently enabled
Warning: LATCH primitive "NPC:PC_UPDATE|NPC[26]" is permanently enabled
Warning: LATCH primitive "NPC:PC_UPDATE|NPC[27]" is permanently enabled
Warning: LATCH primitive "NPC:PC_UPDATE|NPC[28]" is permanently enabled
Warning: LATCH primitive "NPC:PC_UPDATE|NPC[29]" is permanently enabled
Warning: LATCH primitive "NPC:PC_UPDATE|NPC[30]" is permanently enabled
Warning: LATCH primitive "NPC:PC_UPDATE|NPC[31]" is permanently enabled
Warning: Latch ctrl:inst|nextstate[2] has unsafe behavior
    Warning: Ports D and ENA on the latch are fed by the same signal ctrl:inst|state[0]
Warning: Latch ctrl:inst|nextstate[1] has unsafe behavior
    Warning: Ports D and ENA on the latch are fed by the same signal ctrl:inst|state[2]
Warning: Latch ctrl:inst|nextstate[0] has unsafe behavior
    Warning: Ports D and ENA on the latch are fed by the same signal ctrl:inst|state[1]
Warning: Output pins are stuck at VCC or GND
    Warning (13410): Pin "pDMWr" is stuck at GND
    Warning (13410): Pin "pEXTSigned" is stuck at GND
    Warning (13410): Pin "pALU_BSel" is stuck at GND
    Warning (13410): Pin "Zero" is stuck at VCC
    Warning (13410): Pin "oSEG7[1]" is stuck at GND
    Warning (13410): Pin "pALUOp[1]" is stuck at GND
    Warning (13410): Pin "pALUOp[0]" is stuck at GND
    Warning (13410): Pin "pNPCOp[1]" is stuck at GND
    Warning (13410): Pin "pNPCOp[0]" is stuck at GND
    Warning (13410): Pin "pSEL_A3[1]" is stuck at GND
    Warning (13410): Pin "pWDSel[1]" is stuck at GND
    Warning (13410): Pin "pWDSel[0]" is stuck at GND
Info: Implemented 225 device resources after synthesis - the final resource count might be different
    Info: Implemented 5 input pins
    Info: Implemented 74 output pins
    Info: Implemented 146 logic cells
Info: Quartus II Analysis & Synthesis was successful. 0 errors, 61 warnings
    Info: Peak virtual memory: 265 megabytes
    Info: Processing ended: Mon Dec 17 17:37:33 2018
    Info: Elapsed time: 00:00:04
    Info: Total CPU time (on all processors): 00:00:02


