Flow report for MIPS_CPU
Thu Dec 20 16:01:08 2018
Quartus II Version 8.1 Build 163 10/28/2008 SJ Full Version


---------------------
; Table of Contents ;
---------------------
  1. Legal Notice
  2. Flow Summary
  3. Flow Settings
  4. Flow Non-Default Global Settings
  5. Flow Elapsed Time
  6. Flow OS Summary
  7. Flow Log



----------------
; Legal Notice ;
----------------
Copyright (C) 1991-2008 Altera Corporation
Your use of Altera Corporation's design tools, logic functions 
and other software and tools, and its AMPP partner logic 
functions, and any output files from any of the foregoing 
(including device programming or simulation files), and any 
associated documentation or information are expressly subject 
to the terms and conditions of the Altera Program License 
Subscription Agreement, Altera MegaCore Function License 
Agreement, or other applicable license agreement, including, 
without limitation, that your use is for the sole purpose of 
programming logic devices manufactured by Altera and sold by 
Altera or its authorized distributors.  Please refer to the 
applicable agreement for further details.



+-------------------------------------------------------------------------------+
; Flow Summary                                                                  ;
+------------------------------------+------------------------------------------+
; Flow Status                        ; Successful - Thu Dec 20 16:01:08 2018    ;
; Quartus II Version                 ; 8.1 Build 163 10/28/2008 SJ Full Version ;
; Revision Name                      ; MIPS_CPU                                 ;
; Top-level Entity Name              ; MIPS_CPU                                 ;
; Family                             ; Cyclone II                               ;
; Device                             ; EP2C70F896C6                             ;
; Timing Models                      ; Final                                    ;
; Met timing requirements            ; No                                       ;
; Total logic elements               ; 5,666 / 68,416 ( 8 % )                   ;
;     Total combinational functions  ; 3,634 / 68,416 ( 5 % )                   ;
;     Dedicated logic registers      ; 4,228 / 68,416 ( 6 % )                   ;
; Total registers                    ; 4228                                     ;
; Total pins                         ; 79 / 622 ( 13 % )                        ;
; Total virtual pins                 ; 0                                        ;
; Total memory bits                  ; 2,048 / 1,152,000 ( < 1 % )              ;
; Embedded Multiplier 9-bit elements ; 0 / 300 ( 0 % )                          ;
; Total PLLs                         ; 0 / 4 ( 0 % )                            ;
+------------------------------------+------------------------------------------+


+-----------------------------------------+
; Flow Settings                           ;
+-------------------+---------------------+
; Option            ; Setting             ;
+-------------------+---------------------+
; Start date & time ; 12/20/2018 16:00:01 ;
; Main task         ; Compilation         ;
; Revision Name     ; MIPS_CPU            ;
+-------------------+---------------------+


+----------------------------------------------------------------------------------------------------------------------------------+
; Flow Non-Default Global Settings                                                                                                 ;
+------------------------------------+----------------------------------------------+---------------+-------------+----------------+
; Assignment Name                    ; Value                                        ; Default Value ; Entity Name ; Section Id     ;
+------------------------------------+----------------------------------------------+---------------+-------------+----------------+
; COMPILER_SIGNATURE_ID              ; 49467847691016.154529280146120               ; --            ; --          ; --             ;
; MAX_CORE_JUNCTION_TEMP             ; 85                                           ; --            ; --          ; --             ;
; MIN_CORE_JUNCTION_TEMP             ; 0                                            ; --            ; --          ; --             ;
; MISC_FILE                          ; E:/temp/P3/MIPS_CPU.dpf                      ; --            ; --          ; --             ;
; MISC_FILE                          ; G:/组成原理/实验三/P3/MIPS_CPU.dpf           ; --            ; --          ; --             ;
; MISC_FILE                          ; C:/Users/SOPC/Desktop/实验三/P3/MIPS_CPU.dpf ; --            ; --          ; --             ;
; PARTITION_COLOR                    ; 16764057                                     ; --            ; --          ; Top            ;
; PARTITION_NETLIST_TYPE             ; SOURCE                                       ; --            ; --          ; Top            ;
; SEARCH_PATH                        ; zcyl_exp/2010/alu181/                        ; --            ; --          ; --             ;
; USE_GENERATED_PHYSICAL_CONSTRAINTS ; Off                                          ; --            ; --          ; eda_blast_fpga ;
+------------------------------------+----------------------------------------------+---------------+-------------+----------------+


+-----------------------------------------------------------------------------------------------------------------------------+
; Flow Elapsed Time                                                                                                           ;
+-------------------------+--------------+-------------------------+---------------------+------------------------------------+
; Module Name             ; Elapsed Time ; Average Processors Used ; Peak Virtual Memory ; Total CPU Time (on all processors) ;
+-------------------------+--------------+-------------------------+---------------------+------------------------------------+
; Analysis & Synthesis    ; 00:00:26     ; 1.0                     ; 276 MB              ; 00:00:22                           ;
; Fitter                  ; 00:00:26     ; 1.2                     ; 447 MB              ; 00:00:26                           ;
; Assembler               ; 00:00:05     ; 1.0                     ; 387 MB              ; 00:00:04                           ;
; Classic Timing Analyzer ; 00:00:02     ; 1.0                     ; 253 MB              ; 00:00:02                           ;
; Total                   ; 00:00:59     ; --                      ; --                  ; 00:00:54                           ;
+-------------------------+--------------+-------------------------+---------------------+------------------------------------+


+------------------------------------------------------------------------------------------+
; Flow OS Summary                                                                          ;
+-------------------------+------------------+---------------+------------+----------------+
; Module Name             ; Machine Hostname ; OS Name       ; OS Version ; Processor type ;
+-------------------------+------------------+---------------+------------+----------------+
; Analysis & Synthesis    ; DESKTOP-9UB7BSC  ; Windows Vista ; 6.2        ; x86_64         ;
; Fitter                  ; DESKTOP-9UB7BSC  ; Windows Vista ; 6.2        ; x86_64         ;
; Assembler               ; DESKTOP-9UB7BSC  ; Windows Vista ; 6.2        ; x86_64         ;
; Classic Timing Analyzer ; DESKTOP-9UB7BSC  ; Windows Vista ; 6.2        ; x86_64         ;
+-------------------------+------------------+---------------+------------+----------------+


------------
; Flow Log ;
------------
quartus_map --read_settings_files=on --write_settings_files=off MIPS_CPU -c MIPS_CPU
quartus_fit --read_settings_files=off --write_settings_files=off MIPS_CPU -c MIPS_CPU
quartus_asm --read_settings_files=off --write_settings_files=off MIPS_CPU -c MIPS_CPU
quartus_tan --read_settings_files=off --write_settings_files=off MIPS_CPU -c MIPS_CPU --timing_analysis_only



